<?xml version="1.0" encoding="UTF-8"?>
<!-- Generated by org.testng.reporters.JUnitReportReporter -->
<testsuite hostname="KashifS" failures="0" tests="3" name="testCases.TC_001_AccountRegistrationTest" time="8.196" errors="0" timestamp="2024-12-23T23:20:29 IST" skipped="0">
  <testcase classname="testCases.TC_001_AccountRegistrationTest" name="verify_account_registration" time="3.098"/>
  <system-out/>
  <testcase classname="testCases.TC_001_AccountRegistrationTest" name="verify_account_registration" time="2.738"/>
  <system-out/>
  <testcase classname="testCases.TC_001_AccountRegistrationTest" name="verify_account_registration" time="2.360"/>
  <system-out/>
</testsuite> <!-- testCases.TC_001_AccountRegistrationTest -->
