<?xml version="1.0" encoding="UTF-8"?>
<!-- Generated by org.testng.reporters.JUnitReportReporter -->
<testsuite hostname="KashifS" failures="0" tests="1" name="testCases.LoginTest" time="1.627" errors="0" timestamp="2024-12-19T22:54:04 IST" skipped="0">
  <testcase classname="testCases.LoginTest" name="verify_Login" time="1.627"/>
  <system-out/>
</testsuite> <!-- testCases.LoginTest -->
