<?xml version="1.0" encoding="UTF-8"?>
<!-- Generated by org.testng.reporters.JUnitReportReporter -->
<testsuite hostname="KashifS" failures="0" tests="1" name="testCases.AccountRegistrationTest" time="2.742" errors="0" timestamp="2024-12-19T11:53:46 IST" skipped="0">
  <testcase classname="testCases.AccountRegistrationTest" name="verify_account_registration" time="2.742"/>
  <system-out/>
</testsuite> <!-- testCases.AccountRegistrationTest -->
